[15/06/2020  23:48:21] Client: Bot routine started succesfully as Alpha7#5630.
[15/06/2020  23:48:21] User: User set name as skppy7#1176.
[15/06/2020  23:52:05] Client: Bot routine closed.
[15/06/2020  23:52:22] Client: Bot routine started succesfully as Alpha7#5630.
[15/06/2020  23:52:22] User: User set name as skppy7#1176.
[15/06/2020  23:52:38] User: command "ddm" was sent and confirmed.
[15/06/2020  23:52:38] User: command "ddm" will be implemented in 354.8222181904494 seconds.
[15/06/2020  23:52:38] User: command "fish" was sent and confirmed.
[15/06/2020  23:52:39] User: command "fish" will be implemented in 2242.031025080179 seconds.
[15/06/2020  23:52:39] User: command "daily" was sent and confirmed.
[15/06/2020  23:52:39] User: command "daily" will be implemented in 71148.2311057482 seconds.
[15/06/2020  23:53:40] Client: Bot routine closed.
[15/06/2020  23:53:46] Client: Bot routine started succesfully as Alpha7#5630.
[15/06/2020  23:53:46] User: User set name as skppy7#1176.
[15/06/2020  23:53:51] User: command "ddm" was sent and confirmed.
[15/06/2020  23:53:52] User: command "fish" was sent and confirmed.
[15/06/2020  23:53:52] User: command "rmd ddm" was sent and confirmed.
[15/06/2020  23:53:52] User: command "ddm" will be implemented in 282.05014804074096 seconds.
[15/06/2020  23:53:52] User: command "daily" was sent and confirmed.
[15/06/2020  23:53:53] User: command "rmd daily" was sent and confirmed.
[15/06/2020  23:53:53] User: command "daily" will be implemented in 282.2271084465229 seconds.
[15/06/2020  23:58:43] User: command "ddm" was sent and confirmed.
[15/06/2020  23:58:43] User: command "daily" was sent and confirmed.
[15/06/2020  23:58:57] User: command "rmd daily" was sent and confirmed.
[15/06/2020  23:58:57] User: command "daily" will be implemented in 915.301875975269 seconds.
[16/06/2020  00:07:07] Client: Bot routine closed.
[16/06/2020  00:07:53] Client: Bot routine started succesfully as Alpha7#5630.
[16/06/2020  00:07:53] User: User set name as skppy7#1176.
[16/06/2020  00:08:20] User: command "ddm" was sent and confirmed.
[16/06/2020  00:08:21] User: command "ddm" will be implemented in 319 seconds.
[16/06/2020  00:08:21] User: command "fish" was sent and confirmed.
[16/06/2020  00:08:21] User: command "fish" will be implemented in 1286 seconds.
[16/06/2020  00:08:22] User: command "daily" was sent and confirmed.
[16/06/2020  00:08:22] User: command "daily" will be implemented in 70130 seconds.
[16/06/2020  00:11:19] Client: Bot routine closed.
[16/06/2020  00:11:25] Client: Bot routine started succesfully as Alpha7#5630.
[16/06/2020  00:11:25] User: User set name as skppy7#1176.
[16/06/2020  00:11:29] User: command "ddm" was sent and confirmed.
[16/06/2020  00:11:34] User: command "ddm" was sent and confirmed.
[16/06/2020  00:11:35] User: command "ddm" will be implemented in 127 seconds.
[16/06/2020  00:11:35] User: command "ddm" was sent and confirmed.
[16/06/2020  00:11:35] User: command "fish" was sent and confirmed.
[16/06/2020  00:11:35] User: command "fish" was sent and confirmed.
[16/06/2020  00:11:36] User: command "fish" will be implemented in 125 seconds.
[16/06/2020  00:11:36] User: command "fish" was sent and confirmed.
[16/06/2020  00:11:36] User: command "fish" was sent and confirmed.
[16/06/2020  00:11:37] User: command "fish" was sent and confirmed.
[16/06/2020  00:11:42] User: command "fish" was sent and confirmed.
[16/06/2020  00:11:42] User: command "daily" was sent and confirmed.
[16/06/2020  00:11:42] User: command "daily" was sent and confirmed.
[16/06/2020  00:11:42] User: command "daily" will be implemented in 86408 seconds.
[16/06/2020  00:11:42] User: command "daily" was sent and confirmed.
[16/06/2020  00:11:42] User: command "daily" was sent and confirmed.
[16/06/2020  00:11:43] User: command "daily" was sent and confirmed.
[16/06/2020  00:11:48] User: command "daily" was sent and confirmed.
[16/06/2020  00:11:48] User: command "daily" was sent and confirmed.
[16/06/2020  00:11:48] User: command "daily" was sent and confirmed.
[16/06/2020  00:11:49] User: command "daily" was sent and confirmed.
[16/06/2020  00:11:49] User: command "daily" was sent and confirmed.
[16/06/2020  00:11:55] User: command "daily" was sent and confirmed.
[16/06/2020  00:11:55] User: command "daily" was sent and confirmed.
[16/06/2020  00:11:55] User: command "daily" was sent and confirmed.
[16/06/2020  00:11:55] User: command "daily" was sent and confirmed.
[16/06/2020  00:11:56] User: command "daily" was sent and confirmed.
[16/06/2020  00:12:00] User: command "daily" was sent and confirmed.
[16/06/2020  00:12:01] User: command "daily" was sent and confirmed.
[16/06/2020  00:12:01] User: command "daily" was sent and confirmed.
[16/06/2020  00:12:01] User: command "daily" was sent and confirmed.
[16/06/2020  00:12:01] User: command "daily" was sent and confirmed.
[16/06/2020  00:12:03] Client: Bot routine closed.
[16/06/2020  00:12:52] Client: Bot routine started succesfully as Alpha7#5630.
[16/06/2020  00:12:52] User: User set name as skppy7#1176.
[16/06/2020  00:12:55] User: command "ddm" was sent and confirmed.
[16/06/2020  00:12:55] User: command "rmd ddm" was sent and confirmed.
[16/06/2020  00:12:56] User: command "ddm" will be implemented in 0 seconds.
[16/06/2020  00:13:00] User: command "ddm" was sent and confirmed.
[16/06/2020  00:13:00] User: command "fish" was sent and confirmed.
[16/06/2020  00:13:00] User: command "rmd fish" was sent and confirmed.
[16/06/2020  00:13:01] User: command "fish" will be implemented in 3602 seconds.
[16/06/2020  00:13:06] User: command "daily" was sent and confirmed.
[16/06/2020  00:13:06] User: command "rmd daily" was sent and confirmed.
[16/06/2020  00:13:06] User: command "daily" will be implemented in 69842 seconds.
[16/06/2020  00:16:08] Client: Bot routine closed.
[16/06/2020  00:16:15] Client: Bot routine started succesfully as Alpha7#5630.
[16/06/2020  00:16:15] User: User set name as skppy7#1176.
[16/06/2020  00:16:34] User: command "ddm" was sent and confirmed.
[16/06/2020  00:16:34] User: command "rmd ddm" was sent and confirmed.
[16/06/2020  00:16:34] User: command "ddm" will be implemented in 1276 seconds.
[16/06/2020  00:16:39] User: command "fish" was sent and confirmed.
[16/06/2020  00:16:40] User: command "rmd fish" was sent and confirmed.
[16/06/2020  00:16:40] User: command "fish" will be implemented in 777 seconds.
[16/06/2020  00:16:45] User: command "daily" was sent and confirmed.
[16/06/2020  00:16:46] User: command "rmd daily" was sent and confirmed.
[16/06/2020  00:16:46] User: command "daily" will be implemented in 69622 seconds.
[16/06/2020  00:29:38] User: command "fish" was sent and confirmed.
[16/06/2020  00:29:38] User: command "rmd fish" was sent and confirmed.
[16/06/2020  00:29:39] User: command "fish" will be implemented in 3602 seconds.
[16/06/2020  00:34:00] Client: Bot routine closed.
