
________________________________________________________________________________

ddm

<Message id=722312660724482049 channel=<TextChannel id=721938646672080996 name='koya' position=2 nsfw=False news=False category_id=387716250026901505> type=<MessageType.default: 0> author=<Member id=276060004262477825 name='Koya' discriminator='1050' bot=True nick=None guild=<Guild id=387716250026901504 name='.-.' shard_id=None chunked=True member_count=4>> flags=<MessageFlags value=0>>

<:ddm_dark:556193213136896000> | skppy7#1176 caught a **Dark Den Den Mushi** in .-. (`Shard 51`)! Next Den Den Mushi appears in **5 minutes and 45 seconds** come back and try to get it.

________________________________________________________________________________

fish

<Message id=722312663870341131 channel=<TextChannel id=721938646672080996 name='koya' position=2 nsfw=False news=False category_id=387716250026901505> type=<MessageType.default: 0> author=<Member id=276060004262477825 name='Koya' discriminator='1050' bot=True nick=None guild=<Guild id=387716250026901504 name='.-.' shard_id=None chunked=True member_count=4>> flags=<MessageFlags value=0>>

🎣  | <@224287365819006977>, you can do your next fishing in **36 minutes and 44 seconds**.

________________________________________________________________________________

daily

<Message id=722312667313733633 channel=<TextChannel id=721938646672080996 name='koya' position=2 nsfw=False news=False category_id=387716250026901505> type=<MessageType.default: 0> author=<Member id=276060004262477825 name='Koya' discriminator='1050' bot=True nick=None guild=<Guild id=387716250026901504 name='.-.' shard_id=None chunked=True member_count=4>> flags=<MessageFlags value=0>>

<:koyabotConfused:405824225404911626> **skppy7**, you can get your daily bonus in **19 hours 7 minutes and 20 seconds**.

________________________________________________________________________________

ddm

<Message id=722312969693691906 channel=<TextChannel id=721938646672080996 name='koya' position=2 nsfw=False news=False category_id=387716250026901505> type=<MessageType.default: 0> author=<Member id=276060004262477825 name='Koya' discriminator='1050' bot=True nick=None guild=<Guild id=387716250026901504 name='.-.' shard_id=None chunked=True member_count=4>> flags=<MessageFlags value=0>>

<:ddm_dark:556193213136896000> | skppy7#1176 caught a **Dark Den Den Mushi** in .-. (`Shard 51`)! Next Den Den Mushi appears in **4 minutes and 32 seconds** come back and try to get it.

________________________________________________________________________________

rmd ddm

<Message id=722312973460439090 channel=<TextChannel id=721938646672080996 name='koya' position=2 nsfw=False news=False category_id=387716250026901505> type=<MessageType.default: 0> author=<Member id=276060004262477825 name='Koya' discriminator='1050' bot=True nick=None guild=<Guild id=387716250026901504 name='.-.' shard_id=None chunked=True member_count=4>> flags=<MessageFlags value=0>>

🎣  | <@224287365819006977>, you can do your next fishing in **35 minutes and 30 seconds**.

________________________________________________________________________________

daily

<Message id=722312974353563769 channel=<TextChannel id=721938646672080996 name='koya' position=2 nsfw=False news=False category_id=387716250026901505> type=<MessageType.default: 0> author=<Member id=276060004262477825 name='Koya' discriminator='1050' bot=True nick=None guild=<Guild id=387716250026901504 name='.-.' shard_id=None chunked=True member_count=4>> flags=<MessageFlags value=0>>

<:koyabotOk:318482551666769921> **skppy7**, I will remind you to `ddm` in **4 minutes and 31 seconds**.

________________________________________________________________________________

rmd daily

<Message id=722312977058889768 channel=<TextChannel id=721938646672080996 name='koya' position=2 nsfw=False news=False category_id=387716250026901505> type=<MessageType.default: 0> author=<Member id=276060004262477825 name='Koya' discriminator='1050' bot=True nick=None guild=<Guild id=387716250026901504 name='.-.' shard_id=None chunked=True member_count=4>> flags=<MessageFlags value=0>>

<:koyabotConfused:405824225404911626> **skppy7**, you can get your daily bonus in **19 hours 6 minutes and 6 seconds**.

________________________________________________________________________________

rmd daily

<Message id=722312978325700618 channel=<TextChannel id=721938646672080996 name='koya' position=2 nsfw=False news=False category_id=387716250026901505> type=<MessageType.default: 0> author=<Member id=276060004262477825 name='Koya' discriminator='1050' bot=True nick=None guild=<Guild id=387716250026901504 name='.-.' shard_id=None chunked=True member_count=4>> flags=<MessageFlags value=0>>

<:koyabotConfused:405824225404911626> **skppy7**, Please cool down and wait **4 seconds** before using this command.

________________________________________________________________________________

daily

<Message id=722314191847030854 channel=<TextChannel id=721938646672080996 name='koya' position=2 nsfw=False news=False category_id=387716250026901505> type=<MessageType.default: 0> author=<Member id=276060004262477825 name='Koya' discriminator='1050' bot=True nick=None guild=<Guild id=387716250026901504 name='.-.' shard_id=None chunked=True member_count=4>> flags=<MessageFlags value=0>>

<:ddm_baby:556191720950464544> | <@224287365819006977>, you caught a **Baby Den Den Mushi** (`Shard 51`)! You won **18** <:berry:391689892670996501> berries and **12** <:EXP:366190616486608896> exp.
You can catch your next den den mushi in **14 minutes and 51 seconds**.

________________________________________________________________________________

rmd daily

<Message id=722314254132183040 channel=<TextChannel id=721938646672080996 name='koya' position=2 nsfw=False news=False category_id=387716250026901505> type=<MessageType.default: 0> author=<Member id=276060004262477825 name='Koya' discriminator='1050' bot=True nick=None guild=<Guild id=387716250026901504 name='.-.' shard_id=None chunked=True member_count=4>> flags=<MessageFlags value=0>>

<:koyabotOk:318482551666769921> **skppy7**, I will remind you to `ddm` in **14 minutes and 36 seconds**.

________________________________________________________________________________

ddm

<Message id=722316613801738313 channel=<TextChannel id=721938646672080996 name='koya' position=2 nsfw=False news=False category_id=387716250026901505> type=<MessageType.default: 0> author=<Member id=276060004262477825 name='Koya' discriminator='1050' bot=True nick=None guild=<Guild id=387716250026901504 name='.-.' shard_id=None chunked=True member_count=4>> flags=<MessageFlags value=0>>

<:ddm_baby:556191720950464544> | skppy7#1176 caught a **Baby Den Den Mushi** in .-. (`Shard 51`)! Next Den Den Mushi appears in **5 minutes and 14 seconds** come back and try to get it.

________________________________________________________________________________

fish

<Message id=722316617127690250 channel=<TextChannel id=721938646672080996 name='koya' position=2 nsfw=False news=False category_id=387716250026901505> type=<MessageType.default: 0> author=<Member id=276060004262477825 name='Koya' discriminator='1050' bot=True nick=None guild=<Guild id=387716250026901504 name='.-.' shard_id=None chunked=True member_count=4>> flags=<MessageFlags value=0>>

🎣  | <@224287365819006977>, you can do your next fishing in **21 minutes and 1 second**.

________________________________________________________________________________

daily

<Message id=722316619933810708 channel=<TextChannel id=721938646672080996 name='koya' position=2 nsfw=False news=False category_id=387716250026901505> type=<MessageType.default: 0> author=<Member id=276060004262477825 name='Koya' discriminator='1050' bot=True nick=None guild=<Guild id=387716250026901504 name='.-.' shard_id=None chunked=True member_count=4>> flags=<MessageFlags value=0>>

<:koyabotConfused:405824225404911626> **skppy7**, you can get your daily bonus in **18 hours 51 minutes and 37 seconds**.

________________________________________________________________________________

ddm

<Message id=722317407263129610 channel=<TextChannel id=721938646672080996 name='koya' position=2 nsfw=False news=False category_id=387716250026901505> type=<MessageType.default: 0> author=<Member id=276060004262477825 name='Koya' discriminator='1050' bot=True nick=None guild=<Guild id=387716250026901504 name='.-.' shard_id=None chunked=True member_count=4>> flags=<MessageFlags value=0>>

<:ddm_baby:556191720950464544> | skppy7#1176 caught a **Baby Den Den Mushi** in .-. (`Shard 51`)! Next Den Den Mushi appears in **2 minutes and 5 seconds** come back and try to get it.

________________________________________________________________________________

ddm

<Message id=722317428171866133 channel=<TextChannel id=721938646672080996 name='koya' position=2 nsfw=False news=False category_id=387716250026901505> type=<MessageType.default: 0> author=<Member id=276060004262477825 name='Koya' discriminator='1050' bot=True nick=None guild=<Guild id=387716250026901504 name='.-.' shard_id=None chunked=True member_count=4>> flags=<MessageFlags value=0>>

<:ddm_baby:556191720950464544> | skppy7#1176 caught a **Baby Den Den Mushi** in .-. (`Shard 51`)! Next Den Den Mushi appears in **2 minutes** come back and try to get it. (x1)

________________________________________________________________________________

fish

<Message id=722317431023992863 channel=<TextChannel id=721938646672080996 name='koya' position=2 nsfw=False news=False category_id=387716250026901505> type=<MessageType.default: 0> author=<Member id=276060004262477825 name='Koya' discriminator='1050' bot=True nick=None guild=<Guild id=387716250026901504 name='.-.' shard_id=None chunked=True member_count=4>> flags=<MessageFlags value=0>>

<:ddm_baby:556191720950464544> | skppy7#1176 caught a **Baby Den Den Mushi** in .-. (`Shard 51`)! Next Den Den Mushi appears in **1 minute and 59 seconds** come back and try to get it.

________________________________________________________________________________

fish

<Message id=722317432403918888 channel=<TextChannel id=721938646672080996 name='koya' position=2 nsfw=False news=False category_id=387716250026901505> type=<MessageType.default: 0> author=<Member id=276060004262477825 name='Koya' discriminator='1050' bot=True nick=None guild=<Guild id=387716250026901504 name='.-.' shard_id=None chunked=True member_count=4>> flags=<MessageFlags value=0>>

🎣  | <@224287365819006977>, you can do your next fishing in **17 minutes and 47 seconds**.

________________________________________________________________________________

fish

<Message id=722317435247657033 channel=<TextChannel id=721938646672080996 name='koya' position=2 nsfw=False news=False category_id=387716250026901505> type=<MessageType.default: 0> author=<Member id=276060004262477825 name='Koya' discriminator='1050' bot=True nick=None guild=<Guild id=387716250026901504 name='.-.' shard_id=None chunked=True member_count=4>> flags=<MessageFlags value=0>>

<:koyabotConfused:405824225404911626> **skppy7**, Please cool down and wait **4 seconds** before using this command.

________________________________________________________________________________

fish

<Message id=722317436128591924 channel=<TextChannel id=721938646672080996 name='koya' position=2 nsfw=False news=False category_id=387716250026901505> type=<MessageType.default: 0> author=<Member id=276060004262477825 name='Koya' discriminator='1050' bot=True nick=None guild=<Guild id=387716250026901504 name='.-.' shard_id=None chunked=True member_count=4>> flags=<MessageFlags value=0>>

<:koyabotConfused:405824225404911626> **skppy7**, Please cool down and wait **4 seconds** before using this command.

________________________________________________________________________________

fish

<Message id=722317438238326825 channel=<TextChannel id=721938646672080996 name='koya' position=2 nsfw=False news=False category_id=387716250026901505> type=<MessageType.default: 0> author=<Member id=276060004262477825 name='Koya' discriminator='1050' bot=True nick=None guild=<Guild id=387716250026901504 name='.-.' shard_id=None chunked=True member_count=4>> flags=<MessageFlags value=0>>

<:koyabotConfused:405824225404911626> **skppy7**, Please cool down and wait **3 seconds** before using this command.

________________________________________________________________________________

daily

<Message id=722317457934516284 channel=<TextChannel id=721938646672080996 name='koya' position=2 nsfw=False news=False category_id=387716250026901505> type=<MessageType.default: 0> author=<Member id=276060004262477825 name='Koya' discriminator='1050' bot=True nick=None guild=<Guild id=387716250026901504 name='.-.' shard_id=None chunked=True member_count=4>> flags=<MessageFlags value=0>>

<:koyabotConfused:405824225404911626> **skppy7**, Please cool down and wait **3 seconds** before using this command.

________________________________________________________________________________

daily

<Message id=722317458626707457 channel=<TextChannel id=721938646672080996 name='koya' position=2 nsfw=False news=False category_id=387716250026901505> type=<MessageType.default: 0> author=<Member id=276060004262477825 name='Koya' discriminator='1050' bot=True nick=None guild=<Guild id=387716250026901504 name='.-.' shard_id=None chunked=True member_count=4>> flags=<MessageFlags value=0>>

<:koyabotConfused:405824225404911626> **skppy7**, Please cool down and wait **2 seconds** before using this command.

________________________________________________________________________________

daily

<Message id=722317459431882802 channel=<TextChannel id=721938646672080996 name='koya' position=2 nsfw=False news=False category_id=387716250026901505> type=<MessageType.default: 0> author=<Member id=276060004262477825 name='Koya' discriminator='1050' bot=True nick=None guild=<Guild id=387716250026901504 name='.-.' shard_id=None chunked=True member_count=4>> flags=<MessageFlags value=0>>

<:koyabotConfused:405824225404911626> **skppy7**, you can get your daily bonus in **18 hours 48 minutes and 18 seconds**.

________________________________________________________________________________

daily

<Message id=722317461017591918 channel=<TextChannel id=721938646672080996 name='koya' position=2 nsfw=False news=False category_id=387716250026901505> type=<MessageType.default: 0> author=<Member id=276060004262477825 name='Koya' discriminator='1050' bot=True nick=None guild=<Guild id=387716250026901504 name='.-.' shard_id=None chunked=True member_count=4>> flags=<MessageFlags value=0>>

<:koyabotConfused:405824225404911626> **skppy7**, Please cool down and wait **3 seconds** before using this command.

________________________________________________________________________________

daily

<Message id=722317463890559026 channel=<TextChannel id=721938646672080996 name='koya' position=2 nsfw=False news=False category_id=387716250026901505> type=<MessageType.default: 0> author=<Member id=276060004262477825 name='Koya' discriminator='1050' bot=True nick=None guild=<Guild id=387716250026901504 name='.-.' shard_id=None chunked=True member_count=4>> flags=<MessageFlags value=0>>

<:koyabotConfused:405824225404911626> **skppy7**, Please cool down and wait **2 seconds** before using this command.

________________________________________________________________________________

daily

<Message id=722317483624628305 channel=<TextChannel id=721938646672080996 name='koya' position=2 nsfw=False news=False category_id=387716250026901505> type=<MessageType.default: 0> author=<Member id=276060004262477825 name='Koya' discriminator='1050' bot=True nick=None guild=<Guild id=387716250026901504 name='.-.' shard_id=None chunked=True member_count=4>> flags=<MessageFlags value=0>>

<:koyabotConfused:405824225404911626> **skppy7**, Please cool down and wait **2 seconds** before using this command.

________________________________________________________________________________

daily

<Message id=722317484505694208 channel=<TextChannel id=721938646672080996 name='koya' position=2 nsfw=False news=False category_id=387716250026901505> type=<MessageType.default: 0> author=<Member id=276060004262477825 name='Koya' discriminator='1050' bot=True nick=None guild=<Guild id=387716250026901504 name='.-.' shard_id=None chunked=True member_count=4>> flags=<MessageFlags value=0>>

<:koyabotConfused:405824225404911626> **skppy7**, Please cool down and wait **2 seconds** before using this command.

________________________________________________________________________________

daily

<Message id=722317485457539083 channel=<TextChannel id=721938646672080996 name='koya' position=2 nsfw=False news=False category_id=387716250026901505> type=<MessageType.default: 0> author=<Member id=276060004262477825 name='Koya' discriminator='1050' bot=True nick=None guild=<Guild id=387716250026901504 name='.-.' shard_id=None chunked=True member_count=4>> flags=<MessageFlags value=0>>

<:koyabotConfused:405824225404911626> **skppy7**, Please cool down and wait **2 seconds** before using this command.

________________________________________________________________________________

daily

<Message id=722317487131328512 channel=<TextChannel id=721938646672080996 name='koya' position=2 nsfw=False news=False category_id=387716250026901505> type=<MessageType.default: 0> author=<Member id=276060004262477825 name='Koya' discriminator='1050' bot=True nick=None guild=<Guild id=387716250026901504 name='.-.' shard_id=None chunked=True member_count=4>> flags=<MessageFlags value=0>>

<:koyabotConfused:405824225404911626> **skppy7**, you can get your daily bonus in **18 hours 48 minutes and 11 seconds**.

________________________________________________________________________________

daily

<Message id=722317488586620990 channel=<TextChannel id=721938646672080996 name='koya' position=2 nsfw=False news=False category_id=387716250026901505> type=<MessageType.default: 0> author=<Member id=276060004262477825 name='Koya' discriminator='1050' bot=True nick=None guild=<Guild id=387716250026901504 name='.-.' shard_id=None chunked=True member_count=4>> flags=<MessageFlags value=0>>

<:koyabotConfused:405824225404911626> **skppy7**, Please cool down and wait **4 seconds** before using this command.

________________________________________________________________________________

daily

<Message id=722317512288632873 channel=<TextChannel id=721938646672080996 name='koya' position=2 nsfw=False news=False category_id=387716250026901505> type=<MessageType.default: 0> author=<Member id=276060004262477825 name='Koya' discriminator='1050' bot=True nick=None guild=<Guild id=387716250026901504 name='.-.' shard_id=None chunked=True member_count=4>> flags=<MessageFlags value=0>>

<:koyabotConfused:405824225404911626> **skppy7**, Please cool down and wait **4 seconds** before using this command.

________________________________________________________________________________

daily

<Message id=722317513274425354 channel=<TextChannel id=721938646672080996 name='koya' position=2 nsfw=False news=False category_id=387716250026901505> type=<MessageType.default: 0> author=<Member id=276060004262477825 name='Koya' discriminator='1050' bot=True nick=None guild=<Guild id=387716250026901504 name='.-.' shard_id=None chunked=True member_count=4>> flags=<MessageFlags value=0>>

<:koyabotConfused:405824225404911626> **skppy7**, Please cool down and wait **3 seconds** before using this command.

________________________________________________________________________________

daily

<Message id=722317514192846899 channel=<TextChannel id=721938646672080996 name='koya' position=2 nsfw=False news=False category_id=387716250026901505> type=<MessageType.default: 0> author=<Member id=276060004262477825 name='Koya' discriminator='1050' bot=True nick=None guild=<Guild id=387716250026901504 name='.-.' shard_id=None chunked=True member_count=4>> flags=<MessageFlags value=0>>

<:koyabotConfused:405824225404911626> **skppy7**, Please cool down and wait **2 seconds** before using this command.

________________________________________________________________________________

daily

<Message id=722317514742169622 channel=<TextChannel id=721938646672080996 name='koya' position=2 nsfw=False news=False category_id=387716250026901505> type=<MessageType.default: 0> author=<Member id=276060004262477825 name='Koya' discriminator='1050' bot=True nick=None guild=<Guild id=387716250026901504 name='.-.' shard_id=None chunked=True member_count=4>> flags=<MessageFlags value=0>>

<:koyabotConfused:405824225404911626> **skppy7**, you can get your daily bonus in **18 hours 48 minutes and 4 seconds**.

________________________________________________________________________________

daily

<Message id=722317516734726204 channel=<TextChannel id=721938646672080996 name='koya' position=2 nsfw=False news=False category_id=387716250026901505> type=<MessageType.default: 0> author=<Member id=276060004262477825 name='Koya' discriminator='1050' bot=True nick=None guild=<Guild id=387716250026901504 name='.-.' shard_id=None chunked=True member_count=4>> flags=<MessageFlags value=0>>

<:koyabotConfused:405824225404911626> **skppy7**, Please cool down and wait **4 seconds** before using this command.

________________________________________________________________________________

daily

<Message id=722317536259080214 channel=<TextChannel id=721938646672080996 name='koya' position=2 nsfw=False news=False category_id=387716250026901505> type=<MessageType.default: 0> author=<Member id=276060004262477825 name='Koya' discriminator='1050' bot=True nick=None guild=<Guild id=387716250026901504 name='.-.' shard_id=None chunked=True member_count=4>> flags=<MessageFlags value=0>>

<:koyabotConfused:405824225404911626> **skppy7**, Please cool down and wait **4 seconds** before using this command.

________________________________________________________________________________

daily

<Message id=722317537261649990 channel=<TextChannel id=721938646672080996 name='koya' position=2 nsfw=False news=False category_id=387716250026901505> type=<MessageType.default: 0> author=<Member id=276060004262477825 name='Koya' discriminator='1050' bot=True nick=None guild=<Guild id=387716250026901504 name='.-.' shard_id=None chunked=True member_count=4>> flags=<MessageFlags value=0>>

<:koyabotConfused:405824225404911626> **skppy7**, Please cool down and wait **3 seconds** before using this command.

________________________________________________________________________________

daily

<Message id=722317538012168241 channel=<TextChannel id=721938646672080996 name='koya' position=2 nsfw=False news=False category_id=387716250026901505> type=<MessageType.default: 0> author=<Member id=276060004262477825 name='Koya' discriminator='1050' bot=True nick=None guild=<Guild id=387716250026901504 name='.-.' shard_id=None chunked=True member_count=4>> flags=<MessageFlags value=0>>

<:koyabotConfused:405824225404911626> **skppy7**, Please cool down and wait **3 seconds** before using this command.

________________________________________________________________________________

daily

<Message id=722317539434037258 channel=<TextChannel id=721938646672080996 name='koya' position=2 nsfw=False news=False category_id=387716250026901505> type=<MessageType.default: 0> author=<Member id=276060004262477825 name='Koya' discriminator='1050' bot=True nick=None guild=<Guild id=387716250026901504 name='.-.' shard_id=None chunked=True member_count=4>> flags=<MessageFlags value=0>>

<:koyabotConfused:405824225404911626> **skppy7**, you can get your daily bonus in **18 hours 47 minutes and 58 seconds**.

________________________________________________________________________________

daily

<Message id=722317540725882919 channel=<TextChannel id=721938646672080996 name='koya' position=2 nsfw=False news=False category_id=387716250026901505> type=<MessageType.default: 0> author=<Member id=276060004262477825 name='Koya' discriminator='1050' bot=True nick=None guild=<Guild id=387716250026901504 name='.-.' shard_id=None chunked=True member_count=4>> flags=<MessageFlags value=0>>

<:koyabotConfused:405824225404911626> **skppy7**, Please cool down and wait **4 seconds** before using this command.

________________________________________________________________________________

ddm

<Message id=722317765708611665 channel=<TextChannel id=721938646672080996 name='koya' position=2 nsfw=False news=False category_id=387716250026901505> type=<MessageType.default: 0> author=<Member id=276060004262477825 name='Koya' discriminator='1050' bot=True nick=None guild=<Guild id=387716250026901504 name='.-.' shard_id=None chunked=True member_count=4>> flags=<MessageFlags value=0>>

<:ddm_baby:556191720950464544> | skppy7#1176 caught a **Baby Den Den Mushi** in .-. (`Shard 51`)! Next Den Den Mushi appears in **39 seconds** come back and try to get it.

________________________________________________________________________________

rmd ddm

<Message id=722317767994507337 channel=<TextChannel id=721938646672080996 name='koya' position=2 nsfw=False news=False category_id=387716250026901505> type=<MessageType.default: 0> author=<Member id=276060004262477825 name='Koya' discriminator='1050' bot=True nick=None guild=<Guild id=387716250026901504 name='.-.' shard_id=None chunked=True member_count=4>> flags=<MessageFlags value=0>>

<:koyabotOk:318482551666769921> **skppy7**, I will remind you to `ddm` in **39 seconds**.

________________________________________________________________________________

fish

<Message id=722317786646315049 channel=<TextChannel id=721938646672080996 name='koya' position=2 nsfw=False news=False category_id=387716250026901505> type=<MessageType.default: 0> author=<Member id=276060004262477825 name='Koya' discriminator='1050' bot=True nick=None guild=<Guild id=387716250026901504 name='.-.' shard_id=None chunked=True member_count=4>> flags=<MessageFlags value=0>>

<:ddm_baby:556191720950464544> | skppy7#1176 caught a **Baby Den Den Mushi** in .-. (`Shard 51`)! Next Den Den Mushi appears in **34 seconds** come back and try to get it. (x1)

________________________________________________________________________________

rmd fish

<Message id=722317788877946891 channel=<TextChannel id=721938646672080996 name='koya' position=2 nsfw=False news=False category_id=387716250026901505> type=<MessageType.default: 0> author=<Member id=276060004262477825 name='Koya' discriminator='1050' bot=True nick=None guild=<Guild id=387716250026901504 name='.-.' shard_id=None chunked=True member_count=4>> flags=<MessageFlags value=0>>

🎣  | <@224287365819006977>, you can do your next fishing in **16 minutes and 22 seconds**.

________________________________________________________________________________

rmd fish

<Message id=722317790182113351 channel=<TextChannel id=721938646672080996 name='koya' position=2 nsfw=False news=False category_id=387716250026901505> type=<MessageType.default: 0> author=<Member id=276060004262477825 name='Koya' discriminator='1050' bot=True nick=None guild=<Guild id=387716250026901504 name='.-.' shard_id=None chunked=True member_count=4>> flags=<MessageFlags value=0>>

<:koyabotOk:318482551666769921> **skppy7**, I will remind you to `fish` in **16 minutes and 21 seconds**.

________________________________________________________________________________

daily

<Message id=722317810470223894 channel=<TextChannel id=721938646672080996 name='koya' position=2 nsfw=False news=False category_id=387716250026901505> type=<MessageType.default: 0> author=<Member id=276060004262477825 name='Koya' discriminator='1050' bot=True nick=None guild=<Guild id=387716250026901504 name='.-.' shard_id=None chunked=True member_count=4>> flags=<MessageFlags value=0>>

<:koyabotConfused:405824225404911626> **skppy7**, you can get your daily bonus in **18 hours 46 minutes and 53 seconds**.

________________________________________________________________________________

rmd daily

<Message id=722317813741649992 channel=<TextChannel id=721938646672080996 name='koya' position=2 nsfw=False news=False category_id=387716250026901505> type=<MessageType.default: 0> author=<Member id=276060004262477825 name='Koya' discriminator='1050' bot=True nick=None guild=<Guild id=387716250026901504 name='.-.' shard_id=None chunked=True member_count=4>> flags=<MessageFlags value=0>>

<:koyabotOk:318482551666769921> **skppy7**, I will remind you to `daily` in **18 hours 46 minutes and 53 seconds**.

________________________________________________________________________________

rmd daily

<Message id=722318237047717939 channel=<TextChannel id=721938646672080996 name='koya' position=2 nsfw=False news=False category_id=387716250026901505> type=<MessageType.default: 0> author=<Member id=276060004262477825 name='Koya' discriminator='1050' bot=True nick=None guild=<Guild id=387716250026901504 name='.-.' shard_id=None chunked=True member_count=4>> flags=<MessageFlags value=0>>

<:ddm_white:556192772110155778> | <@224287365819006977>, you caught a **White Den Den Mushi** (`Shard 51`)! You won **44** <:berry:391689892670996501> berries and **15** <:EXP:366190616486608896> exp.
You can catch your next den den mushi in **22 minutes and 41 seconds**.

________________________________________________________________________________

ddm

<Message id=722318682738524191 channel=<TextChannel id=721938646672080996 name='koya' position=2 nsfw=False news=False category_id=387716250026901505> type=<MessageType.default: 0> author=<Member id=276060004262477825 name='Koya' discriminator='1050' bot=True nick=None guild=<Guild id=387716250026901504 name='.-.' shard_id=None chunked=True member_count=4>> flags=<MessageFlags value=0>>

<:ddm_white:556192772110155778> | skppy7#1176 caught a **White Den Den Mushi** in .-. (`Shard 51`)! Next Den Den Mushi appears in **20 minutes and 54 seconds** come back and try to get it.

________________________________________________________________________________

rmd ddm

<Message id=722318685146185809 channel=<TextChannel id=721938646672080996 name='koya' position=2 nsfw=False news=False category_id=387716250026901505> type=<MessageType.default: 0> author=<Member id=276060004262477825 name='Koya' discriminator='1050' bot=True nick=None guild=<Guild id=387716250026901504 name='.-.' shard_id=None chunked=True member_count=4>> flags=<MessageFlags value=0>>

<:koyabotOk:318482551666769921> **skppy7**, I will remind you to `ddm` in **20 minutes and 54 seconds**.

________________________________________________________________________________

fish

<Message id=722318706201591868 channel=<TextChannel id=721938646672080996 name='koya' position=2 nsfw=False news=False category_id=387716250026901505> type=<MessageType.default: 0> author=<Member id=276060004262477825 name='Koya' discriminator='1050' bot=True nick=None guild=<Guild id=387716250026901504 name='.-.' shard_id=None chunked=True member_count=4>> flags=<MessageFlags value=0>>

🎣  | <@224287365819006977>, you can do your next fishing in **12 minutes and 43 seconds**.

________________________________________________________________________________

rmd fish

<Message id=722318708877295678 channel=<TextChannel id=721938646672080996 name='koya' position=2 nsfw=False news=False category_id=387716250026901505> type=<MessageType.default: 0> author=<Member id=276060004262477825 name='Koya' discriminator='1050' bot=True nick=None guild=<Guild id=387716250026901504 name='.-.' shard_id=None chunked=True member_count=4>> flags=<MessageFlags value=0>>

<:koyabotOk:318482551666769921> **skppy7**, I will remind you to `fish` in **12 minutes and 42 seconds**.

________________________________________________________________________________

daily

<Message id=722318729400025118 channel=<TextChannel id=721938646672080996 name='koya' position=2 nsfw=False news=False category_id=387716250026901505> type=<MessageType.default: 0> author=<Member id=276060004262477825 name='Koya' discriminator='1050' bot=True nick=None guild=<Guild id=387716250026901504 name='.-.' shard_id=None chunked=True member_count=4>> flags=<MessageFlags value=0>>

<:koyabotConfused:405824225404911626> **skppy7**, you can get your daily bonus in **18 hours 43 minutes and 14 seconds**.

________________________________________________________________________________

rmd daily

<Message id=722318732701204504 channel=<TextChannel id=721938646672080996 name='koya' position=2 nsfw=False news=False category_id=387716250026901505> type=<MessageType.default: 0> author=<Member id=276060004262477825 name='Koya' discriminator='1050' bot=True nick=None guild=<Guild id=387716250026901504 name='.-.' shard_id=None chunked=True member_count=4>> flags=<MessageFlags value=0>>

<:koyabotOk:318482551666769921> **skppy7**, I will remind you to `daily` in **18 hours 43 minutes and 14 seconds**.

________________________________________________________________________________

fish

<Message id=722321970976522322 channel=<TextChannel id=721938646672080996 name='koya' position=2 nsfw=False news=False category_id=387716250026901505> type=<MessageType.default: 0> author=<Member id=276060004262477825 name='Koya' discriminator='1050' bot=True nick=None guild=<Guild id=387716250026901504 name='.-.' shard_id=None chunked=True member_count=4>> flags=<MessageFlags value=0>>

🎣  | <@224287365819006977> fished out : **Shrimp** 🦐 ! **[ COMBO : 15 ]**

*You earned berries* : **+ 70** <:berry:391689892670996501>
*You earned experience points* : **+ 105** <:EXP:366190616486608896>

________________________________________________________________________________

rmd fish

<Message id=722321974558326835 channel=<TextChannel id=721938646672080996 name='koya' position=2 nsfw=False news=False category_id=387716250026901505> type=<MessageType.default: 0> author=<Member id=276060004262477825 name='Koya' discriminator='1050' bot=True nick=None guild=<Guild id=387716250026901504 name='.-.' shard_id=None chunked=True member_count=4>> flags=<MessageFlags value=0>>

<:koyabotOk:318482551666769921> **skppy7**, I will remind you to `fish` in **59 minutes and 59 seconds**.

